Unity Editor version:    6000.0.47f1 (2ad1ed33fd3b)
Branch:                  6000.0/staging
Build type:              Release
Batch mode:              YES
macOS version:           Version 14.5 (Build 23F79)
Darwin version:          23.5.0
Architecture:            x86_64
Running under Rosetta:   NO
Available memory:        65536 MB
Using pre-set license
Pro License: YES

COMMAND LINE ARGUMENTS:
/Applications/Unity/Hub/Editor/6000.0.47f1/Unity.app/Contents/MacOS/Unity
-adb2
-batchMode
-noUpm
-name
AssetImportWorker7
-projectPath
/Users/leoredeker/workspace/unity/car-game
-logFile
Logs/AssetImportWorker7.log
-srvPort
56306
-job-worker-count
7
-background-job-worker-count
8
-gc-helper-count
1
Successfully changed project path to: /Users/leoredeker/workspace/unity/car-game
/Users/leoredeker/workspace/unity/car-game
[UnityMemory] Configuration Parameters - Can be set up in boot.config
    "memorysetup-bucket-allocator-granularity=16"
    "memorysetup-bucket-allocator-bucket-count=8"
    "memorysetup-bucket-allocator-block-size=33554432"
    "memorysetup-bucket-allocator-block-count=8"
    "memorysetup-main-allocator-block-size=16777216"
    "memorysetup-thread-allocator-block-size=16777216"
    "memorysetup-gfx-main-allocator-block-size=16777216"
    "memorysetup-gfx-thread-allocator-block-size=16777216"
    "memorysetup-cache-allocator-block-size=4194304"
    "memorysetup-typetree-allocator-block-size=2097152"
    "memorysetup-profiler-bucket-allocator-granularity=16"
    "memorysetup-profiler-bucket-allocator-bucket-count=8"
    "memorysetup-profiler-bucket-allocator-block-size=33554432"
    "memorysetup-profiler-bucket-allocator-block-count=8"
    "memorysetup-profiler-allocator-block-size=16777216"
    "memorysetup-profiler-editor-allocator-block-size=1048576"
    "memorysetup-temp-allocator-size-main=16777216"
    "memorysetup-job-temp-allocator-block-size=2097152"
    "memorysetup-job-temp-allocator-block-size-background=1048576"
    "memorysetup-job-temp-allocator-reduction-small-platforms=262144"
    "memorysetup-allocator-temp-initial-block-size-main=262144"
    "memorysetup-allocator-temp-initial-block-size-worker=262144"
    "memorysetup-temp-allocator-size-background-worker=32768"
    "memorysetup-temp-allocator-size-job-worker=262144"
    "memorysetup-temp-allocator-size-preload-manager=33554432"
    "memorysetup-temp-allocator-size-nav-mesh-worker=65536"
    "memorysetup-temp-allocator-size-audio-worker=65536"
    "memorysetup-temp-allocator-size-cloud-worker=32768"
    "memorysetup-temp-allocator-size-gi-baking-worker=262144"
    "memorysetup-temp-allocator-size-gi-baking-worker=262144"
    "memorysetup-temp-allocator-size-gi-baking-worker=262144"
    "memorysetup-temp-allocator-size-gi-baking-worker=262144"
    "memorysetup-temp-allocator-size-gi-baking-worker=262144"
    "memorysetup-temp-allocator-size-gfx=262144"
Player connection [140704330301376]  Target information:

Player connection [140704330301376]  * "[IP] 192.168.178.43 [Port] 0 [Flags] 2 [Guid] 2893446741 [EditorId] 2893446741 [Version] 1048832 [Id] OSXEditor(0,Proxima-Centauri.local) [Debug] 1 [PackageName] OSXEditor [ProjectName] Editor" 

Player connection [140704330301376] Host joined multi-casting on [225.0.0.222:54997]...
Player connection [140704330301376] Host joined alternative multi-casting on [225.0.0.222:34997]...
JobSystem: Creating JobQueue using job-worker-count value 7
Input System module state changed to: Initialized.
[Physics::Module] Initialized fallback backend.
[Physics::Module] Id: 0xdecafbad
Library Redirect Path: Library/
[Physics::Module] Selected backend.
[Physics::Module] Name: PhysX
[Physics::Module] Id: 0xf2b8ea05
[Physics::Module] SDK Version: 4.1.2
[Physics::Module] Integration Version: 1.0.0
[Physics::Module] Threading Mode: Multi-Threaded
Refreshing native plugins compatible for Editor in 0.90 ms, found 2 plugins.
Preloading 0 native plugins for Editor in 0.00 ms.
Initialize engine version: 6000.0.47f1 (2ad1ed33fd3b)
[Subsystems] Discovering subsystems at path /Applications/Unity/Hub/Editor/6000.0.47f1/Unity.app/Contents/Resources/UnitySubsystems
[Subsystems] Discovering subsystems at path /Users/leoredeker/workspace/unity/car-game/Assets
GfxDevice: creating device client; kGfxThreadingModeNonThreaded
Color LCD preferred device: AMD Radeon Pro 5500M (high power)
Metal devices available: 2
0: AMD Radeon Pro 5500M (high power)
1: Intel(R) UHD Graphics 630 (low power)
Using device AMD Radeon Pro 5500M (high power)
Initializing Metal device caps: AMD Radeon Pro 5500M
Initialize mono
Mono path[0] = '/Applications/Unity/Hub/Editor/6000.0.47f1/Unity.app/Contents/Managed'
Mono path[1] = '/Applications/Unity/Hub/Editor/6000.0.47f1/Unity.app/Contents/MonoBleedingEdge/lib/mono/unityjit-macos'
Mono config path = '/Applications/Unity/Hub/Editor/6000.0.47f1/Unity.app/Contents/MonoBleedingEdge/etc'
Using monoOptions --debugger-agent=transport=dt_socket,embedding=1,server=y,suspend=n,address=127.0.0.1:56168
Begin MonoManager ReloadAssembly
Registering precompiled unity dll's ...
Register platform support module: /Applications/Unity/Hub/Editor/6000.0.47f1/Unity.app/Contents/PlaybackEngines/MacStandaloneSupport/UnityEditor.OSXStandalone.Extensions.dll
Registered in 0.001064 seconds.
- Loaded All Assemblies, in  0.491 seconds
Native extension for OSXStandalone target not found
Mono: successfully reloaded assembly
- Finished resetting the current domain, in  0.442 seconds
Domain Reload Profiling: 933ms
	BeginReloadAssembly (136ms)
		ExecutionOrderSort (0ms)
		DisableScriptedObjects (0ms)
		BackupInstance (0ms)
		ReleaseScriptingObjects (0ms)
		CreateAndSetChildDomain (1ms)
	RebuildCommonClasses (60ms)
	RebuildNativeTypeToScriptingClass (23ms)
	initialDomainReloadingComplete (68ms)
	LoadAllAssembliesAndSetupDomain (202ms)
		LoadAssemblies (136ms)
		RebuildTransferFunctionScriptingTraits (0ms)
		AnalyzeDomain (199ms)
			TypeCache.Refresh (198ms)
				TypeCache.ScanAssembly (182ms)
			BuildScriptInfoCaches (0ms)
			ResolveRequiredComponents (0ms)
	FinalizeReload (443ms)
		ReleaseScriptCaches (0ms)
		RebuildScriptCaches (0ms)
		SetupLoadedEditorAssemblies (392ms)
			LogAssemblyErrors (0ms)
			InitializePlatformSupportModulesInManaged (47ms)
			SetLoadedEditorAssemblies (7ms)
			BeforeProcessingInitializeOnLoad (70ms)
			ProcessInitializeOnLoadAttributes (165ms)
			ProcessInitializeOnLoadMethodAttributes (102ms)
			AfterProcessingInitializeOnLoad (0ms)
			EditorAssembliesLoaded (0ms)
		ExecutionOrderSort2 (0ms)
		AwakeInstancesAfterBackupRestoration (0ms)
========================================================================
Worker process is ready to serve import requests
Import Worker Mode flag is 0x00
Begin MonoManager ReloadAssembly
- Loaded All Assemblies, in  0.672 seconds
Refreshing native plugins compatible for Editor in 0.36 ms, found 2 plugins.
Native extension for OSXStandalone target not found
Mono: successfully reloaded assembly
- Finished resetting the current domain, in  0.622 seconds
Domain Reload Profiling: 1294ms
	BeginReloadAssembly (167ms)
		ExecutionOrderSort (0ms)
		DisableScriptedObjects (7ms)
		BackupInstance (0ms)
		ReleaseScriptingObjects (0ms)
		CreateAndSetChildDomain (47ms)
	RebuildCommonClasses (49ms)
	RebuildNativeTypeToScriptingClass (15ms)
	initialDomainReloadingComplete (39ms)
	LoadAllAssembliesAndSetupDomain (401ms)
		LoadAssemblies (267ms)
		RebuildTransferFunctionScriptingTraits (0ms)
		AnalyzeDomain (210ms)
			TypeCache.Refresh (176ms)
				TypeCache.ScanAssembly (161ms)
			BuildScriptInfoCaches (26ms)
			ResolveRequiredComponents (6ms)
	FinalizeReload (622ms)
		ReleaseScriptCaches (0ms)
		RebuildScriptCaches (0ms)
		SetupLoadedEditorAssemblies (487ms)
			LogAssemblyErrors (0ms)
			InitializePlatformSupportModulesInManaged (3ms)
			SetLoadedEditorAssemblies (4ms)
			BeforeProcessingInitializeOnLoad (96ms)
			ProcessInitializeOnLoadAttributes (356ms)
			ProcessInitializeOnLoadMethodAttributes (26ms)
			AfterProcessingInitializeOnLoad (1ms)
			EditorAssembliesLoaded (0ms)
		ExecutionOrderSort2 (0ms)
		AwakeInstancesAfterBackupRestoration (3ms)
Launching external process: /Applications/Unity/Hub/Editor/6000.0.47f1/Unity.app/Contents/Tools/UnityShaderCompiler
Launched and connected shader compiler UnityShaderCompiler after 0.07 seconds
Refreshing native plugins compatible for Editor in 0.45 ms, found 2 plugins.
Preloading 0 native plugins for Editor in 0.00 ms.
Unloading 8 Unused Serialized files (Serialized files now loaded: 0)
Unloading 3303 unused Assets / (0.9 MB). Loaded Objects now: 3788.
Memory consumption went from 81.8 MB to 80.9 MB.
Total: 6.052627 ms (FindLiveObjects: 0.436251 ms CreateObjectMapping: 0.551474 ms MarkObjects: 4.327991 ms  DeleteObjects: 0.736306 ms)

========================================================================
Received Import Request.
  Time since last request: 18315.462443 seconds.
  path: Assets/assets/city/buildings urban/low_buildingE.fbx
  artifactKey: Guid(947cc70097d784cb5a9f33ff43b5e2d8) Importer(815301076,1909f56bfc062723c751e8b465ee728b)
Start importing Assets/assets/city/buildings urban/low_buildingE.fbx using Guid(947cc70097d784cb5a9f33ff43b5e2d8) Importer(815301076,1909f56bfc062723c751e8b465ee728b) (PreviewImporter) -> (artifact id: 'a45c5bb09e9f85529b3fe5d10a35f928') in 0.360961128 seconds
Number of updated asset objects reloaded before import = 0Number of asset objects unloaded after import = 9

========================================================================
Received Import Request.
  Time since last request: 0.000083 seconds.
  path: Assets/assets/city/buildings urban/small_buildingE.fbx
  artifactKey: Guid(181a098cb3d264db09b3dcc77fad5fbd) Importer(815301076,1909f56bfc062723c751e8b465ee728b)
Start importing Assets/assets/city/buildings urban/small_buildingE.fbx using Guid(181a098cb3d264db09b3dcc77fad5fbd) Importer(815301076,1909f56bfc062723c751e8b465ee728b) (PreviewImporter) -> (artifact id: '228a857bab196944429fcce671b09251') in 0.05186117 seconds
Number of updated asset objects reloaded before import = 0Number of asset objects unloaded after import = 12

========================================================================
Received Import Request.
  Time since last request: 0.000068 seconds.
  path: Assets/assets/city/buildings urban/wall_windowD.fbx
  artifactKey: Guid(94461afc957394621921c82652b82c76) Importer(815301076,1909f56bfc062723c751e8b465ee728b)
Start importing Assets/assets/city/buildings urban/wall_windowD.fbx using Guid(94461afc957394621921c82652b82c76) Importer(815301076,1909f56bfc062723c751e8b465ee728b) (PreviewImporter) -> (artifact id: 'fd3ca5ed3e6c690cbf52daaadb843076') in 0.040553312 seconds
Number of updated asset objects reloaded before import = 0Number of asset objects unloaded after import = 10

========================================================================
Received Import Request.
  Time since last request: 0.000078 seconds.
  path: Assets/assets/city/buildings urban/wall_windowE.fbx
  artifactKey: Guid(6c18d868c20b04a6f870950804e4b1a6) Importer(815301076,1909f56bfc062723c751e8b465ee728b)
Start importing Assets/assets/city/buildings urban/wall_windowE.fbx using Guid(6c18d868c20b04a6f870950804e4b1a6) Importer(815301076,1909f56bfc062723c751e8b465ee728b) (PreviewImporter) -> (artifact id: '38fd45512ac41ae1a67be08e2f1094bf') in 0.041981013 seconds
Number of updated asset objects reloaded before import = 0Number of asset objects unloaded after import = 11

========================================================================
Received Import Request.
  Time since last request: 29.428950 seconds.
  path: Assets/assets/city/suburban/fence_medium.fbx
  artifactKey: Guid(42fbb57348f474fb4bfd84e2714a3d21) Importer(815301076,1909f56bfc062723c751e8b465ee728b)
Start importing Assets/assets/city/suburban/fence_medium.fbx using Guid(42fbb57348f474fb4bfd84e2714a3d21) Importer(815301076,1909f56bfc062723c751e8b465ee728b) (PreviewImporter) -> (artifact id: '4ae2c58939f37368fc5c5e1bf6131cf6') in 0.028607636 seconds
Number of updated asset objects reloaded before import = 0Number of asset objects unloaded after import = 8

========================================================================
Received Import Request.
  Time since last request: 0.000061 seconds.
  path: Assets/assets/city/suburban/house_type05.fbx
  artifactKey: Guid(605d9714732f3409082130688f70dda5) Importer(815301076,1909f56bfc062723c751e8b465ee728b)
Start importing Assets/assets/city/suburban/house_type05.fbx using Guid(605d9714732f3409082130688f70dda5) Importer(815301076,1909f56bfc062723c751e8b465ee728b) (PreviewImporter) -> (artifact id: 'f45060067ae0813697ecb92cc4a51f3e') in 0.049446261 seconds
Number of updated asset objects reloaded before import = 0Number of asset objects unloaded after import = 12

========================================================================
Received Import Request.
  Time since last request: 0.000063 seconds.
  path: Assets/assets/city/suburban/house_type21.fbx
  artifactKey: Guid(dbdc6495915fc4d2888a02294c9ecb24) Importer(815301076,1909f56bfc062723c751e8b465ee728b)
Start importing Assets/assets/city/suburban/house_type21.fbx using Guid(dbdc6495915fc4d2888a02294c9ecb24) Importer(815301076,1909f56bfc062723c751e8b465ee728b) (PreviewImporter) -> (artifact id: 'fba40df19e66d78f3c86a8c6b55d82e4') in 0.045154362 seconds
Number of updated asset objects reloaded before import = 0Number of asset objects unloaded after import = 12

========================================================================
Received Import Request.
  Time since last request: 0.000078 seconds.
  path: Assets/assets/city/suburban/house_type20.fbx
  artifactKey: Guid(0e269eec8ac0a42f1bcfb47c029e52d0) Importer(815301076,1909f56bfc062723c751e8b465ee728b)
Start importing Assets/assets/city/suburban/house_type20.fbx using Guid(0e269eec8ac0a42f1bcfb47c029e52d0) Importer(815301076,1909f56bfc062723c751e8b465ee728b) (PreviewImporter) -> (artifact id: 'e80ab6c73cc376a71a8c7c10b8a68dba') in 0.039449846 seconds
Number of updated asset objects reloaded before import = 0Number of asset objects unloaded after import = 11

========================================================================
Received Import Request.
  Time since last request: 0.000063 seconds.
  path: Assets/assets/city/suburban/fence_wide.fbx
  artifactKey: Guid(fe5b6c8f1eb2c46f89e4c0c34fef26ac) Importer(815301076,1909f56bfc062723c751e8b465ee728b)
Start importing Assets/assets/city/suburban/fence_wide.fbx using Guid(fe5b6c8f1eb2c46f89e4c0c34fef26ac) Importer(815301076,1909f56bfc062723c751e8b465ee728b) (PreviewImporter) -> (artifact id: '67ffd5c4ccfc2d3b710b869d1b27a39e') in 0.023294117 seconds
Number of updated asset objects reloaded before import = 0Number of asset objects unloaded after import = 8

========================================================================
Received Import Request.
  Time since last request: 0.000073 seconds.
  path: Assets/assets/city/suburban/house_type14.fbx
  artifactKey: Guid(fbdb51ca541bd4ee48dad071397850c9) Importer(815301076,1909f56bfc062723c751e8b465ee728b)
Start importing Assets/assets/city/suburban/house_type14.fbx using Guid(fbdb51ca541bd4ee48dad071397850c9) Importer(815301076,1909f56bfc062723c751e8b465ee728b) (PreviewImporter) -> (artifact id: 'af71bb034a3ebdfed75de71bfcea343d') in 0.045878265 seconds
Number of updated asset objects reloaded before import = 0Number of asset objects unloaded after import = 12

========================================================================
Received Import Request.
  Time since last request: 0.000065 seconds.
  path: Assets/assets/city/suburban/tree_large.fbx
  artifactKey: Guid(4f1bcb6f95443463ea69f3f7b9126db4) Importer(815301076,1909f56bfc062723c751e8b465ee728b)
Start importing Assets/assets/city/suburban/tree_large.fbx using Guid(4f1bcb6f95443463ea69f3f7b9126db4) Importer(815301076,1909f56bfc062723c751e8b465ee728b) (PreviewImporter) -> (artifact id: 'd8bbbf58e4924fd6304d8fa899f78ce3') in 0.023055206 seconds
Number of updated asset objects reloaded before import = 0Number of asset objects unloaded after import = 9

========================================================================
Received Import Request.
  Time since last request: 0.000064 seconds.
  path: Assets/assets/city/suburban/fence_open.fbx
  artifactKey: Guid(41682e0b73c694baf81323bfba93a38f) Importer(815301076,1909f56bfc062723c751e8b465ee728b)
Start importing Assets/assets/city/suburban/fence_open.fbx using Guid(41682e0b73c694baf81323bfba93a38f) Importer(815301076,1909f56bfc062723c751e8b465ee728b) (PreviewImporter) -> (artifact id: '483792dd050536ecb15b8d16d0e75683') in 0.022697518 seconds
Number of updated asset objects reloaded before import = 0Number of asset objects unloaded after import = 8

========================================================================
Received Import Request.
  Time since last request: 0.000057 seconds.
  path: Assets/assets/city/suburban/house_type13.fbx
  artifactKey: Guid(e9f34f8e1fb044a7eba0de01889caefd) Importer(815301076,1909f56bfc062723c751e8b465ee728b)
Start importing Assets/assets/city/suburban/house_type13.fbx using Guid(e9f34f8e1fb044a7eba0de01889caefd) Importer(815301076,1909f56bfc062723c751e8b465ee728b) (PreviewImporter) -> (artifact id: 'f59f7724ee37c24048d533ae2bea5815') in 0.049390293 seconds
Number of updated asset objects reloaded before import = 0Number of asset objects unloaded after import = 12

========================================================================
Received Import Request.
  Time since last request: 0.000051 seconds.
  path: Assets/assets/city/suburban/house_type09.fbx
  artifactKey: Guid(063a3f78b963043729595a8a488e3cf8) Importer(815301076,1909f56bfc062723c751e8b465ee728b)
Start importing Assets/assets/city/suburban/house_type09.fbx using Guid(063a3f78b963043729595a8a488e3cf8) Importer(815301076,1909f56bfc062723c751e8b465ee728b) (PreviewImporter) -> (artifact id: '2fe5b5c9e8b9993a7c1906c5e637cdf6') in 0.040677963 seconds
Number of updated asset objects reloaded before import = 0Number of asset objects unloaded after import = 12

========================================================================
Received Import Request.
  Time since last request: 36.066183 seconds.
  path: Assets/assets/city/science city/fountainCurved.fbx
  artifactKey: Guid(fafdb24a5237d4113925a5eaefc18b11) Importer(815301076,1909f56bfc062723c751e8b465ee728b)
Start importing Assets/assets/city/science city/fountainCurved.fbx using Guid(fafdb24a5237d4113925a5eaefc18b11) Importer(815301076,1909f56bfc062723c751e8b465ee728b) (PreviewImporter) -> (artifact id: 'a087348879ca5e2da1f485408ca15040') in 0.035713111 seconds
Number of updated asset objects reloaded before import = 0Number of asset objects unloaded after import = 10

========================================================================
Received Import Request.
  Time since last request: 0.000053 seconds.
  path: Assets/assets/city/science city/hedgeCurved.fbx
  artifactKey: Guid(12fa0dacce6ce4264843290595698ac1) Importer(815301076,1909f56bfc062723c751e8b465ee728b)
Start importing Assets/assets/city/science city/hedgeCurved.fbx using Guid(12fa0dacce6ce4264843290595698ac1) Importer(815301076,1909f56bfc062723c751e8b465ee728b) (PreviewImporter) -> (artifact id: 'a2e12f0b2709ff41bd663ebecc573256') in 0.02890218 seconds
Number of updated asset objects reloaded before import = 0Number of asset objects unloaded after import = 9

========================================================================
Received Import Request.
  Time since last request: 0.000062 seconds.
  path: Assets/assets/city/science city/fountainEdge.fbx
  artifactKey: Guid(75107aa28ac1d4e51ba102b3315d8ff0) Importer(815301076,1909f56bfc062723c751e8b465ee728b)
Start importing Assets/assets/city/science city/fountainEdge.fbx using Guid(75107aa28ac1d4e51ba102b3315d8ff0) Importer(815301076,1909f56bfc062723c751e8b465ee728b) (PreviewImporter) -> (artifact id: 'f0952250d53ffbfcedf53a47016030a8') in 0.025804545 seconds
Number of updated asset objects reloaded before import = 0Number of asset objects unloaded after import = 10

========================================================================
Received Import Request.
  Time since last request: 0.000060 seconds.
  path: Assets/assets/city/science city/pillarStone.fbx
  artifactKey: Guid(a082d3991930b4aee9f26754c38ef8a7) Importer(815301076,1909f56bfc062723c751e8b465ee728b)
Start importing Assets/assets/city/science city/pillarStone.fbx using Guid(a082d3991930b4aee9f26754c38ef8a7) Importer(815301076,1909f56bfc062723c751e8b465ee728b) (PreviewImporter) -> (artifact id: '9eaac3a671d54b110cf6e34a879a7f65') in 0.025537527 seconds
Number of updated asset objects reloaded before import = 0Number of asset objects unloaded after import = 9

========================================================================
Received Import Request.
  Time since last request: 0.000050 seconds.
  path: Assets/assets/city/science city/hedge.fbx
  artifactKey: Guid(8e24e9bd173844f53aab46c138aee1dd) Importer(815301076,1909f56bfc062723c751e8b465ee728b)
Start importing Assets/assets/city/science city/hedge.fbx using Guid(8e24e9bd173844f53aab46c138aee1dd) Importer(815301076,1909f56bfc062723c751e8b465ee728b) (PreviewImporter) -> (artifact id: '4e402651ab4e4d549d94009ba645865e') in 0.026063894 seconds
Number of updated asset objects reloaded before import = 0Number of asset objects unloaded after import = 9

========================================================================
Received Import Request.
  Time since last request: 0.000067 seconds.
  path: Assets/assets/city/science city/pillarWood.fbx
  artifactKey: Guid(19104ac4246544e76aa0da515bbb58a2) Importer(815301076,1909f56bfc062723c751e8b465ee728b)
Start importing Assets/assets/city/science city/pillarWood.fbx using Guid(19104ac4246544e76aa0da515bbb58a2) Importer(815301076,1909f56bfc062723c751e8b465ee728b) (PreviewImporter) -> (artifact id: '3b002e2f886ff61e38ef89782c7ad078') in 0.025470981 seconds
Number of updated asset objects reloaded before import = 0Number of asset objects unloaded after import = 9

========================================================================
Received Import Request.
  Time since last request: 0.000050 seconds.
  path: Assets/assets/city/science city/roadCornerInner.fbx
  artifactKey: Guid(4cfd659a7a1f9427b83bbc6cb7c32674) Importer(815301076,1909f56bfc062723c751e8b465ee728b)
Start importing Assets/assets/city/science city/roadCornerInner.fbx using Guid(4cfd659a7a1f9427b83bbc6cb7c32674) Importer(815301076,1909f56bfc062723c751e8b465ee728b) (PreviewImporter) -> (artifact id: '437169276436da1aae8158e24c5a0006') in 0.032260215 seconds
Number of updated asset objects reloaded before import = 0Number of asset objects unloaded after import = 9

========================================================================
Received Import Request.
  Time since last request: 0.000057 seconds.
  path: Assets/assets/city/science city/planksOpening.fbx
  artifactKey: Guid(4d8ad335ee34d4b888766ceb46a27a51) Importer(815301076,1909f56bfc062723c751e8b465ee728b)
Start importing Assets/assets/city/science city/planksOpening.fbx using Guid(4d8ad335ee34d4b888766ceb46a27a51) Importer(815301076,1909f56bfc062723c751e8b465ee728b) (PreviewImporter) -> (artifact id: 'd37c761cf6acdce842bfd5abe55d2327') in 0.02127207 seconds
Number of updated asset objects reloaded before import = 0Number of asset objects unloaded after import = 8

========================================================================
Received Import Request.
  Time since last request: 0.000076 seconds.
  path: Assets/assets/city/science city/roadEdgeSlope.fbx
  artifactKey: Guid(6152ef5ff19a8498d9e01940610f3e99) Importer(815301076,1909f56bfc062723c751e8b465ee728b)
Start importing Assets/assets/city/science city/roadEdgeSlope.fbx using Guid(6152ef5ff19a8498d9e01940610f3e99) Importer(815301076,1909f56bfc062723c751e8b465ee728b) (PreviewImporter) -> (artifact id: '9bd68b30545dc87af441451cea25bc43') in 0.028863981 seconds
Number of updated asset objects reloaded before import = 0Number of asset objects unloaded after import = 9

========================================================================
Received Import Request.
  Time since last request: 0.000061 seconds.
  path: Assets/assets/city/science city/lantern.fbx
  artifactKey: Guid(4d144f8df3aef41a892d5bd515b1c385) Importer(815301076,1909f56bfc062723c751e8b465ee728b)
Start importing Assets/assets/city/science city/lantern.fbx using Guid(4d144f8df3aef41a892d5bd515b1c385) Importer(815301076,1909f56bfc062723c751e8b465ee728b) (PreviewImporter) -> (artifact id: '9b3eaa66d6ff02f6503dc49cd2e3596f') in 0.03000209 seconds
Number of updated asset objects reloaded before import = 0Number of asset objects unloaded after import = 10

========================================================================
Received Import Request.
  Time since last request: 44.512400 seconds.
  path: Assets/assets/city/New Folder/grandStandAwning.fbx
  artifactKey: Guid(a0b32fcb3f2e24a34ad6013ce4e5bf95) Importer(815301076,1909f56bfc062723c751e8b465ee728b)
Start importing Assets/assets/city/New Folder/grandStandAwning.fbx using Guid(a0b32fcb3f2e24a34ad6013ce4e5bf95) Importer(815301076,1909f56bfc062723c751e8b465ee728b) (PreviewImporter) -> (artifact id: '0069293da3862635268f370ed043b6d7') in 0.037774458 seconds
Number of updated asset objects reloaded before import = 0Number of asset objects unloaded after import = 10

========================================================================
Received Import Request.
  Time since last request: 0.000057 seconds.
  path: Assets/assets/city/New Folder/ramp.fbx
  artifactKey: Guid(e92678725e01540a480ab24fd9a47d6d) Importer(815301076,1909f56bfc062723c751e8b465ee728b)
Start importing Assets/assets/city/New Folder/ramp.fbx using Guid(e92678725e01540a480ab24fd9a47d6d) Importer(815301076,1909f56bfc062723c751e8b465ee728b) (PreviewImporter) -> (artifact id: 'c5e0bb352226a1c1724e4cfce3cbb255') in 0.025089129 seconds
Number of updated asset objects reloaded before import = 0Number of asset objects unloaded after import = 9

========================================================================
Received Import Request.
  Time since last request: 0.000051 seconds.
  path: Assets/assets/city/New Folder/grandStandCovered.fbx
  artifactKey: Guid(659e2cb7376964f0da07f1bdf7035ab0) Importer(815301076,1909f56bfc062723c751e8b465ee728b)
Start importing Assets/assets/city/New Folder/grandStandCovered.fbx using Guid(659e2cb7376964f0da07f1bdf7035ab0) Importer(815301076,1909f56bfc062723c751e8b465ee728b) (PreviewImporter) -> (artifact id: '2086c729a874fd4858302fb7884f4057') in 0.044211629 seconds
Number of updated asset objects reloaded before import = 0Number of asset objects unloaded after import = 12

========================================================================
Received Import Request.
  Time since last request: 0.000055 seconds.
  path: Assets/assets/city/New Folder/roadCornerBridgeSmall.fbx
  artifactKey: Guid(925e10890ead34733aeaab5e129b1169) Importer(815301076,1909f56bfc062723c751e8b465ee728b)
Start importing Assets/assets/city/New Folder/roadCornerBridgeSmall.fbx using Guid(925e10890ead34733aeaab5e129b1169) Importer(815301076,1909f56bfc062723c751e8b465ee728b) (PreviewImporter) -> (artifact id: '343299c2da49d41c956d01cf9637d200') in 0.034608629 seconds
Number of updated asset objects reloaded before import = 0Number of asset objects unloaded after import = 10

========================================================================
Received Import Request.
  Time since last request: 0.000054 seconds.
  path: Assets/assets/city/New Folder/overhead.fbx
  artifactKey: Guid(c0f8fc3ffbe1b4a4f85f7edfbd718fb5) Importer(815301076,1909f56bfc062723c751e8b465ee728b)
Start importing Assets/assets/city/New Folder/overhead.fbx using Guid(c0f8fc3ffbe1b4a4f85f7edfbd718fb5) Importer(815301076,1909f56bfc062723c751e8b465ee728b) (PreviewImporter) -> (artifact id: '154b5d6a10e3eb71def7bf2d092f8f70') in 0.025432487 seconds
Number of updated asset objects reloaded before import = 0Number of asset objects unloaded after import = 8

========================================================================
Received Import Request.
  Time since last request: 0.000055 seconds.
  path: Assets/assets/city/New Folder/raceCarRed.fbx
  artifactKey: Guid(b49ad30e923bb43d6b6a6622c2882fe9) Importer(815301076,1909f56bfc062723c751e8b465ee728b)
Start importing Assets/assets/city/New Folder/raceCarRed.fbx using Guid(b49ad30e923bb43d6b6a6622c2882fe9) Importer(815301076,1909f56bfc062723c751e8b465ee728b) (PreviewImporter) -> (artifact id: '00d3a7b70d3268388e790bf6adda55b8') in 0.093598898 seconds
Number of updated asset objects reloaded before import = 0Number of asset objects unloaded after import = 33

========================================================================
Received Import Request.
  Time since last request: 0.000051 seconds.
  path: Assets/assets/city/New Folder/overheadLights.fbx
  artifactKey: Guid(113d41f9005674244a69560d2e88f2a1) Importer(815301076,1909f56bfc062723c751e8b465ee728b)
Start importing Assets/assets/city/New Folder/overheadLights.fbx using Guid(113d41f9005674244a69560d2e88f2a1) Importer(815301076,1909f56bfc062723c751e8b465ee728b) (PreviewImporter) -> (artifact id: '3e61c0b4c235d04f4d4aaa403f479570') in 0.032616398 seconds
Number of updated asset objects reloaded before import = 0Number of asset objects unloaded after import = 10

========================================================================
Received Import Request.
  Time since last request: 0.000054 seconds.
  path: Assets/assets/city/New Folder/roadCornerLargeBorder.fbx
  artifactKey: Guid(d368fd863a7fe483e825f532dc2d21d4) Importer(815301076,1909f56bfc062723c751e8b465ee728b)
Start importing Assets/assets/city/New Folder/roadCornerLargeBorder.fbx using Guid(d368fd863a7fe483e825f532dc2d21d4) Importer(815301076,1909f56bfc062723c751e8b465ee728b) (PreviewImporter) -> (artifact id: '7ae615d82d5b4e148353e5b63b588059') in 0.02782073 seconds
Number of updated asset objects reloaded before import = 0Number of asset objects unloaded after import = 9

========================================================================
Received Import Request.
  Time since last request: 0.000050 seconds.
  path: Assets/assets/city/New Folder/pitsGarageCorner.fbx
  artifactKey: Guid(b5a53714662b24db59b919ecdd99fccd) Importer(815301076,1909f56bfc062723c751e8b465ee728b)
Start importing Assets/assets/city/New Folder/pitsGarageCorner.fbx using Guid(b5a53714662b24db59b919ecdd99fccd) Importer(815301076,1909f56bfc062723c751e8b465ee728b) (PreviewImporter) -> (artifact id: 'd37e39c60fecd29b3c47a34e3284567f') in 0.04787371 seconds
Number of updated asset objects reloaded before import = 0Number of asset objects unloaded after import = 12

========================================================================
Received Import Request.
  Time since last request: 0.000056 seconds.
  path: Assets/assets/city/New Folder/pitsOfficeRoof.fbx
  artifactKey: Guid(35a7a69806d964a10ad0660c90b644f7) Importer(815301076,1909f56bfc062723c751e8b465ee728b)
Start importing Assets/assets/city/New Folder/pitsOfficeRoof.fbx using Guid(35a7a69806d964a10ad0660c90b644f7) Importer(815301076,1909f56bfc062723c751e8b465ee728b) (PreviewImporter) -> (artifact id: '1f1052336f7e3546e7f55eb21e1030fd') in 0.055280791 seconds
Number of updated asset objects reloaded before import = 0Number of asset objects unloaded after import = 11

========================================================================
Received Import Request.
  Time since last request: 26.897889 seconds.
  path: Assets/assets/city/nature/cactus_short.fbx
  artifactKey: Guid(8fc38935780484aeba164bc9233bcb13) Importer(815301076,1909f56bfc062723c751e8b465ee728b)
Start importing Assets/assets/city/nature/cactus_short.fbx using Guid(8fc38935780484aeba164bc9233bcb13) Importer(815301076,1909f56bfc062723c751e8b465ee728b) (PreviewImporter) -> (artifact id: 'e9030bd68043f6e2642cd98fa31623f3') in 0.021503749 seconds
Number of updated asset objects reloaded before import = 0Number of asset objects unloaded after import = 8

========================================================================
Received Import Request.
  Time since last request: 0.000063 seconds.
  path: Assets/assets/city/nature/campfire_bricks.fbx
  artifactKey: Guid(827a2eab8f96e430db5d0eaed93b7e1c) Importer(815301076,1909f56bfc062723c751e8b465ee728b)
Start importing Assets/assets/city/nature/campfire_bricks.fbx using Guid(827a2eab8f96e430db5d0eaed93b7e1c) Importer(815301076,1909f56bfc062723c751e8b465ee728b) (PreviewImporter) -> (artifact id: '6a8a3a380fd5dd78e2b1574bcdafd643') in 0.022853137 seconds
Number of updated asset objects reloaded before import = 0Number of asset objects unloaded after import = 8

========================================================================
Received Import Request.
  Time since last request: 0.000075 seconds.
  path: Assets/assets/city/nature/cliff_blockSlope_rock.fbx
  artifactKey: Guid(3ad34df8627de4f09a3402abe95e252a) Importer(815301076,1909f56bfc062723c751e8b465ee728b)
Start importing Assets/assets/city/nature/cliff_blockSlope_rock.fbx using Guid(3ad34df8627de4f09a3402abe95e252a) Importer(815301076,1909f56bfc062723c751e8b465ee728b) (PreviewImporter) -> (artifact id: 'e94b5710b3a83bc094a1ac92c6514867') in 0.027133023 seconds
Number of updated asset objects reloaded before import = 0Number of asset objects unloaded after import = 9

========================================================================
Received Import Request.
  Time since last request: 0.000051 seconds.
  path: Assets/assets/city/nature/cliff_blockCave_stone.fbx
  artifactKey: Guid(485743f00dee342c88ae65937b9df257) Importer(815301076,1909f56bfc062723c751e8b465ee728b)
Start importing Assets/assets/city/nature/cliff_blockCave_stone.fbx using Guid(485743f00dee342c88ae65937b9df257) Importer(815301076,1909f56bfc062723c751e8b465ee728b) (PreviewImporter) -> (artifact id: '126e3b453c9ddcbf080386a1faa75e02') in 0.029931281 seconds
Number of updated asset objects reloaded before import = 0Number of asset objects unloaded after import = 9

========================================================================
Received Import Request.
  Time since last request: 0.000055 seconds.
  path: Assets/assets/city/nature/canoe.fbx
  artifactKey: Guid(f5a735425cf444976a048312cbec5c77) Importer(815301076,1909f56bfc062723c751e8b465ee728b)
Start importing Assets/assets/city/nature/canoe.fbx using Guid(f5a735425cf444976a048312cbec5c77) Importer(815301076,1909f56bfc062723c751e8b465ee728b) (PreviewImporter) -> (artifact id: 'f4e54f71beaaaaf5583080e7814027e8') in 0.028249618 seconds
Number of updated asset objects reloaded before import = 0Number of asset objects unloaded after import = 9

========================================================================
Received Import Request.
  Time since last request: 0.000076 seconds.
  path: Assets/assets/city/nature/cliff_cave_rock.fbx
  artifactKey: Guid(038cd55833568462eb8903ccc829ea48) Importer(815301076,1909f56bfc062723c751e8b465ee728b)
Start importing Assets/assets/city/nature/cliff_cave_rock.fbx using Guid(038cd55833568462eb8903ccc829ea48) Importer(815301076,1909f56bfc062723c751e8b465ee728b) (PreviewImporter) -> (artifact id: '29c79d83c4e6ab7b6ad0c7a315e9d436') in 0.017670172 seconds
Number of updated asset objects reloaded before import = 0Number of asset objects unloaded after import = 8

========================================================================
Received Import Request.
  Time since last request: 0.000059 seconds.
  path: Assets/assets/city/nature/campfire_logs.fbx
  artifactKey: Guid(545681032850b43589a2872b1f0787f5) Importer(815301076,1909f56bfc062723c751e8b465ee728b)
Start importing Assets/assets/city/nature/campfire_logs.fbx using Guid(545681032850b43589a2872b1f0787f5) Importer(815301076,1909f56bfc062723c751e8b465ee728b) (PreviewImporter) -> (artifact id: 'cb423ca15d23eb952adb0ec042fb737a') in 0.024301822 seconds
Number of updated asset objects reloaded before import = 0Number of asset objects unloaded after import = 9

========================================================================
Received Import Request.
  Time since last request: 0.000056 seconds.
  path: Assets/assets/city/nature/cliff_cornerInnerLarge_rock.fbx
  artifactKey: Guid(7f7645a0dd6fe42398e4bb47c721dc0b) Importer(815301076,1909f56bfc062723c751e8b465ee728b)
Start importing Assets/assets/city/nature/cliff_cornerInnerLarge_rock.fbx using Guid(7f7645a0dd6fe42398e4bb47c721dc0b) Importer(815301076,1909f56bfc062723c751e8b465ee728b) (PreviewImporter) -> (artifact id: 'c09fb172c79747efb1d917464b87e37b') in 0.023068689 seconds
Number of updated asset objects reloaded before import = 0Number of asset objects unloaded after import = 8

========================================================================
Received Import Request.
  Time since last request: 0.000068 seconds.
  path: Assets/assets/city/nature/canoe_paddle.fbx
  artifactKey: Guid(dcfc9d6410e184dcd8c5f87f5c789458) Importer(815301076,1909f56bfc062723c751e8b465ee728b)
Start importing Assets/assets/city/nature/canoe_paddle.fbx using Guid(dcfc9d6410e184dcd8c5f87f5c789458) Importer(815301076,1909f56bfc062723c751e8b465ee728b) (PreviewImporter) -> (artifact id: 'be824c2685ba717c7e38a9508ed5e638') in 0.019676183 seconds
Number of updated asset objects reloaded before import = 0Number of asset objects unloaded after import = 8

========================================================================
Received Import Request.
  Time since last request: 0.000067 seconds.
  path: Assets/assets/city/nature/cliff_block_rock.fbx
  artifactKey: Guid(0087a4b1493e648aaac606f3e9d3aee8) Importer(815301076,1909f56bfc062723c751e8b465ee728b)
Start importing Assets/assets/city/nature/cliff_block_rock.fbx using Guid(0087a4b1493e648aaac606f3e9d3aee8) Importer(815301076,1909f56bfc062723c751e8b465ee728b) (PreviewImporter) -> (artifact id: 'bf49228f933283f0f19f7c4ee4a363a6') in 0.028506729 seconds
Number of updated asset objects reloaded before import = 0Number of asset objects unloaded after import = 9

========================================================================
Received Import Request.
  Time since last request: 0.000058 seconds.
  path: Assets/assets/city/nature/cliff_blockDiagonal_stone.fbx
  artifactKey: Guid(7d2cac2b803f44c49ae1f11b4316b047) Importer(815301076,1909f56bfc062723c751e8b465ee728b)
Start importing Assets/assets/city/nature/cliff_blockDiagonal_stone.fbx using Guid(7d2cac2b803f44c49ae1f11b4316b047) Importer(815301076,1909f56bfc062723c751e8b465ee728b) (PreviewImporter) -> (artifact id: '28d97793f309f4bfb0310c4a41e5bf20') in 0.021753748 seconds
Number of updated asset objects reloaded before import = 0Number of asset objects unloaded after import = 9

========================================================================
Received Import Request.
  Time since last request: 12.415622 seconds.
  path: Assets/assets/city/nature/cliffBrown_half.fbx
  artifactKey: Guid(3d645d6ad96e54f73806b27af201fad0) Importer(815301076,1909f56bfc062723c751e8b465ee728b)
Start importing Assets/assets/city/nature/cliffBrown_half.fbx using Guid(3d645d6ad96e54f73806b27af201fad0) Importer(815301076,1909f56bfc062723c751e8b465ee728b) (PreviewImporter) -> (artifact id: 'dffafcba2ff46ee6258edf05c133d980') in 0.028132357 seconds
Number of updated asset objects reloaded before import = 0Number of asset objects unloaded after import = 9

========================================================================
Received Import Request.
  Time since last request: 0.000067 seconds.
  path: Assets/assets/city/nature/fence_simpleHigh.fbx
  artifactKey: Guid(f453569fe256948c4af626993e9fb4f9) Importer(815301076,1909f56bfc062723c751e8b465ee728b)
Start importing Assets/assets/city/nature/fence_simpleHigh.fbx using Guid(f453569fe256948c4af626993e9fb4f9) Importer(815301076,1909f56bfc062723c751e8b465ee728b) (PreviewImporter) -> (artifact id: 'e4d50cdd197634556a8e5afe38b7270a') in 0.025863246 seconds
Number of updated asset objects reloaded before import = 0Number of asset objects unloaded after import = 8

========================================================================
Received Import Request.
  Time since last request: 0.000098 seconds.
  path: Assets/assets/city/nature/cliffGrey_block.fbx
  artifactKey: Guid(8d46592800f744fca9a94cdcfd8893a4) Importer(815301076,1909f56bfc062723c751e8b465ee728b)
Start importing Assets/assets/city/nature/cliffGrey_block.fbx using Guid(8d46592800f744fca9a94cdcfd8893a4) Importer(815301076,1909f56bfc062723c751e8b465ee728b) (PreviewImporter) -> (artifact id: '26859a2c3b3371449c2ff4765ac8a592') in 0.026508518 seconds
Number of updated asset objects reloaded before import = 0Number of asset objects unloaded after import = 9

========================================================================
Received Import Request.
  Time since last request: 0.000079 seconds.
  path: Assets/assets/city/nature/fence_double.fbx
  artifactKey: Guid(d53479f861bbc45ffa644b25bd9597c8) Importer(815301076,1909f56bfc062723c751e8b465ee728b)
Start importing Assets/assets/city/nature/fence_double.fbx using Guid(d53479f861bbc45ffa644b25bd9597c8) Importer(815301076,1909f56bfc062723c751e8b465ee728b) (PreviewImporter) -> (artifact id: 'd9138b9b819d131fa97747ef0bc7cb18') in 0.025819087 seconds
Number of updated asset objects reloaded before import = 0Number of asset objects unloaded after import = 9

========================================================================
Received Import Request.
  Time since last request: 0.000050 seconds.
  path: Assets/assets/city/nature/cliffGrey_cornerMid.fbx
  artifactKey: Guid(445098dc5bfd84f1faf18cbcbcc01b28) Importer(815301076,1909f56bfc062723c751e8b465ee728b)
Start importing Assets/assets/city/nature/cliffGrey_cornerMid.fbx using Guid(445098dc5bfd84f1faf18cbcbcc01b28) Importer(815301076,1909f56bfc062723c751e8b465ee728b) (PreviewImporter) -> (artifact id: '216195630f10379625e7b3aa91b88744') in 0.025095613 seconds
Number of updated asset objects reloaded before import = 0Number of asset objects unloaded after import = 9

========================================================================
Received Import Request.
  Time since last request: 0.000053 seconds.
  path: Assets/assets/city/nature/fence_simple.fbx
  artifactKey: Guid(fcc74afe551b946609c9f149c5d2f6ad) Importer(815301076,1909f56bfc062723c751e8b465ee728b)
Start importing Assets/assets/city/nature/fence_simple.fbx using Guid(fcc74afe551b946609c9f149c5d2f6ad) Importer(815301076,1909f56bfc062723c751e8b465ee728b) (PreviewImporter) -> (artifact id: '7b848d6258ef8176536e93779634ee96') in 0.021570914 seconds
Number of updated asset objects reloaded before import = 0Number of asset objects unloaded after import = 8

========================================================================
Received Import Request.
  Time since last request: 0.000052 seconds.
  path: Assets/assets/city/nature/fence_diagonalStrong.fbx
  artifactKey: Guid(63384e54878384fa2bf6dfe562998148) Importer(815301076,1909f56bfc062723c751e8b465ee728b)
Start importing Assets/assets/city/nature/fence_diagonalStrong.fbx using Guid(63384e54878384fa2bf6dfe562998148) Importer(815301076,1909f56bfc062723c751e8b465ee728b) (PreviewImporter) -> (artifact id: '4341de8f39e23159e0aa0f848a010fad') in 0.024320876 seconds
Number of updated asset objects reloaded before import = 0Number of asset objects unloaded after import = 8

========================================================================
Received Import Request.
  Time since last request: 0.000057 seconds.
  path: Assets/assets/city/nature/cliffGrey_steps.fbx
  artifactKey: Guid(2230c5cdc64114b88a68000c525587d1) Importer(815301076,1909f56bfc062723c751e8b465ee728b)
Start importing Assets/assets/city/nature/cliffGrey_steps.fbx using Guid(2230c5cdc64114b88a68000c525587d1) Importer(815301076,1909f56bfc062723c751e8b465ee728b) (PreviewImporter) -> (artifact id: 'e5d66bcb4481fb99dbb93cb27c9ad208') in 0.028973016 seconds
Number of updated asset objects reloaded before import = 0Number of asset objects unloaded after import = 9

========================================================================
Received Import Request.
  Time since last request: 0.000064 seconds.
  path: Assets/assets/city/nature/fence_diagonal.fbx
  artifactKey: Guid(1c98a3cd21b8743f09b04280bd3dca83) Importer(815301076,1909f56bfc062723c751e8b465ee728b)
Start importing Assets/assets/city/nature/fence_diagonal.fbx using Guid(1c98a3cd21b8743f09b04280bd3dca83) Importer(815301076,1909f56bfc062723c751e8b465ee728b) (PreviewImporter) -> (artifact id: 'b808e288c96c673d2fe1b186baee0633') in 0.020790513 seconds
Number of updated asset objects reloaded before import = 0Number of asset objects unloaded after import = 8

========================================================================
Received Import Request.
  Time since last request: 0.000067 seconds.
  path: Assets/assets/city/nature/cliffGrey_halfCorner.fbx
  artifactKey: Guid(8e2ebcdf43b4d42fda43dd7d3b808899) Importer(815301076,1909f56bfc062723c751e8b465ee728b)
Start importing Assets/assets/city/nature/cliffGrey_halfCorner.fbx using Guid(8e2ebcdf43b4d42fda43dd7d3b808899) Importer(815301076,1909f56bfc062723c751e8b465ee728b) (PreviewImporter) -> (artifact id: '1c78efdd9f95b5b996e4e430a2b8edb9') in 0.022288824 seconds
Number of updated asset objects reloaded before import = 0Number of asset objects unloaded after import = 9

========================================================================
Received Import Request.
  Time since last request: 0.890979 seconds.
  path: Assets/assets/city/nature/cliffBrown_blockQuarter.fbx
  artifactKey: Guid(21eb35b44f9cf4f74b2dd1c8b3606844) Importer(815301076,1909f56bfc062723c751e8b465ee728b)
Start importing Assets/assets/city/nature/cliffBrown_blockQuarter.fbx using Guid(21eb35b44f9cf4f74b2dd1c8b3606844) Importer(815301076,1909f56bfc062723c751e8b465ee728b) (PreviewImporter) -> (artifact id: 'a7667f30fac9a3d8d62287a8567752ba') in 0.027325958 seconds
Number of updated asset objects reloaded before import = 0Number of asset objects unloaded after import = 9

========================================================================
Received Import Request.
  Time since last request: 0.000059 seconds.
  path: Assets/assets/city/nature/cliffBrown_cornerInnerTop.fbx
  artifactKey: Guid(8159640f5663445b28508f32367e92f9) Importer(815301076,1909f56bfc062723c751e8b465ee728b)
Start importing Assets/assets/city/nature/cliffBrown_cornerInnerTop.fbx using Guid(8159640f5663445b28508f32367e92f9) Importer(815301076,1909f56bfc062723c751e8b465ee728b) (PreviewImporter) -> (artifact id: '70b984959498ccfd05f821352bc3b8eb') in 0.023245084 seconds
Number of updated asset objects reloaded before import = 0Number of asset objects unloaded after import = 9

========================================================================
Received Import Request.
  Time since last request: 0.025900 seconds.
  path: Assets/assets/city/nature/canoe 1.fbx
  artifactKey: Guid(2f46a33fab47047db863077c9bd853fd) Importer(815301076,1909f56bfc062723c751e8b465ee728b)
Start importing Assets/assets/city/nature/canoe 1.fbx using Guid(2f46a33fab47047db863077c9bd853fd) Importer(815301076,1909f56bfc062723c751e8b465ee728b) (PreviewImporter) -> (artifact id: '761e8885af3115f3c430f6907387f26b') in 0.02072026 seconds
Number of updated asset objects reloaded before import = 0Number of asset objects unloaded after import = 9

========================================================================
Received Import Request.
  Time since last request: 0.041620 seconds.
  path: Assets/assets/city/nature/cactus_large.fbx
  artifactKey: Guid(f08a490b9bcf24eaf81e736611542955) Importer(815301076,1909f56bfc062723c751e8b465ee728b)
Start importing Assets/assets/city/nature/cactus_large.fbx using Guid(f08a490b9bcf24eaf81e736611542955) Importer(815301076,1909f56bfc062723c751e8b465ee728b) (PreviewImporter) -> (artifact id: 'eb2515f7b7cfa0970a68cc9e1687af92') in 0.01802631 seconds
Number of updated asset objects reloaded before import = 0Number of asset objects unloaded after import = 8

========================================================================
Received Import Request.
  Time since last request: 0.000052 seconds.
  path: Assets/assets/city/nature/cactus_short 1.fbx
  artifactKey: Guid(f10a00a59aa394401879189f5aa843c8) Importer(815301076,1909f56bfc062723c751e8b465ee728b)
Start importing Assets/assets/city/nature/cactus_short 1.fbx using Guid(f10a00a59aa394401879189f5aa843c8) Importer(815301076,1909f56bfc062723c751e8b465ee728b) (PreviewImporter) -> (artifact id: 'dd390ae3d1622f2dce14cb99afd22aef') in 0.022582683 seconds
Number of updated asset objects reloaded before import = 0Number of asset objects unloaded after import = 8

========================================================================
Received Import Request.
  Time since last request: 0.039734 seconds.
  path: Assets/assets/city/nature/bridge_arch.fbx
  artifactKey: Guid(8bb8afb82dcc2402f9eecdc791143d23) Importer(815301076,1909f56bfc062723c751e8b465ee728b)
Start importing Assets/assets/city/nature/bridge_arch.fbx using Guid(8bb8afb82dcc2402f9eecdc791143d23) Importer(815301076,1909f56bfc062723c751e8b465ee728b) (PreviewImporter) -> (artifact id: 'abc9d6afe560af3da220b08c5615d266') in 0.022678701 seconds
Number of updated asset objects reloaded before import = 0Number of asset objects unloaded after import = 9

========================================================================
Received Import Request.
  Time since last request: 0.000053 seconds.
  path: Assets/assets/city/nature/bridge_center_woodRound.fbx
  artifactKey: Guid(603db9d6154d84e6395f8ddfe7c0d904) Importer(815301076,1909f56bfc062723c751e8b465ee728b)
Start importing Assets/assets/city/nature/bridge_center_woodRound.fbx using Guid(603db9d6154d84e6395f8ddfe7c0d904) Importer(815301076,1909f56bfc062723c751e8b465ee728b) (PreviewImporter) -> (artifact id: '0441b41961ed4b5b04a31f472c5ff122') in 0.043147938 seconds
Number of updated asset objects reloaded before import = 0Number of asset objects unloaded after import = 11

========================================================================
Received Import Request.
  Time since last request: 0.000058 seconds.
  path: Assets/assets/city/nature/bridge_side_stone.fbx
  artifactKey: Guid(558d85409258a42c78aa0ffbdb24189f) Importer(815301076,1909f56bfc062723c751e8b465ee728b)
Start importing Assets/assets/city/nature/bridge_side_stone.fbx using Guid(558d85409258a42c78aa0ffbdb24189f) Importer(815301076,1909f56bfc062723c751e8b465ee728b) (PreviewImporter) -> (artifact id: '02c0d843847bbece2a021d03f0f57d16') in 0.025932668 seconds
Number of updated asset objects reloaded before import = 0Number of asset objects unloaded after import = 9

========================================================================
Received Import Request.
  Time since last request: 0.000076 seconds.
  path: Assets/assets/city/nature/bridge_center_wood.fbx
  artifactKey: Guid(cb36f68592fb54df6922aad5a7bd4b4a) Importer(815301076,1909f56bfc062723c751e8b465ee728b)
Start importing Assets/assets/city/nature/bridge_center_wood.fbx using Guid(cb36f68592fb54df6922aad5a7bd4b4a) Importer(815301076,1909f56bfc062723c751e8b465ee728b) (PreviewImporter) -> (artifact id: 'dd2f4f9dc9d451a7e96204b493ae61d1') in 0.029923269 seconds
Number of updated asset objects reloaded before import = 0Number of asset objects unloaded after import = 10

========================================================================
Received Import Request.
  Time since last request: 8.050870 seconds.
  path: Assets/assets/city/roads/construction_light.fbx
  artifactKey: Guid(6e72f62cee0474aae92094d9c6e947ca) Importer(815301076,1909f56bfc062723c751e8b465ee728b)
Start importing Assets/assets/city/roads/construction_light.fbx using Guid(6e72f62cee0474aae92094d9c6e947ca) Importer(815301076,1909f56bfc062723c751e8b465ee728b) (PreviewImporter) -> (artifact id: '31263149dfe04f48b8c9fb247ed9db9f') in 0.051435155 seconds
Number of updated asset objects reloaded before import = 0Number of asset objects unloaded after import = 11

========================================================================
Received Import Request.
  Time since last request: 0.000060 seconds.
  path: Assets/assets/city/roads/road_bendBarrier.fbx
  artifactKey: Guid(2481e8a0bc7df40e097075eefe5444db) Importer(815301076,1909f56bfc062723c751e8b465ee728b)
Start importing Assets/assets/city/roads/road_bendBarrier.fbx using Guid(2481e8a0bc7df40e097075eefe5444db) Importer(815301076,1909f56bfc062723c751e8b465ee728b) (PreviewImporter) -> (artifact id: '3ec1a91a2b525ed5b76ad7a3c142934a') in 0.014591237 seconds
Number of updated asset objects reloaded before import = 0Number of asset objects unloaded after import = 8

========================================================================
Received Import Request.
  Time since last request: 0.000050 seconds.
  path: Assets/assets/city/roads/road_bend.fbx
  artifactKey: Guid(8338f5b2aacce4eec918b57566b8c206) Importer(815301076,1909f56bfc062723c751e8b465ee728b)
Start importing Assets/assets/city/roads/road_bend.fbx using Guid(8338f5b2aacce4eec918b57566b8c206) Importer(815301076,1909f56bfc062723c751e8b465ee728b) (PreviewImporter) -> (artifact id: '3a08ad224d055935a396e3b9d4752e66') in 0.042866088 seconds
Number of updated asset objects reloaded before import = 0Number of asset objects unloaded after import = 11

========================================================================
Received Import Request.
  Time since last request: 0.000059 seconds.
  path: Assets/assets/city/roads/light_squareDouble.fbx
  artifactKey: Guid(f070f93fb798b4ee797e45494a68d3e7) Importer(815301076,1909f56bfc062723c751e8b465ee728b)
Start importing Assets/assets/city/roads/light_squareDouble.fbx using Guid(f070f93fb798b4ee797e45494a68d3e7) Importer(815301076,1909f56bfc062723c751e8b465ee728b) (PreviewImporter) -> (artifact id: 'a3d082714ea25287e5e6e5739e17bca2') in 0.031961209 seconds
Number of updated asset objects reloaded before import = 0Number of asset objects unloaded after import = 9

========================================================================
Received Prepare
Begin MonoManager ReloadAssembly
- Loaded All Assemblies, in  0.680 seconds
Refreshing native plugins compatible for Editor in 0.44 ms, found 2 plugins.
Native extension for OSXStandalone target not found
Mono: successfully reloaded assembly
- Finished resetting the current domain, in  0.710 seconds
Domain Reload Profiling: 1391ms
	BeginReloadAssembly (185ms)
		ExecutionOrderSort (0ms)
		DisableScriptedObjects (6ms)
		BackupInstance (0ms)
		ReleaseScriptingObjects (0ms)
		CreateAndSetChildDomain (70ms)
	RebuildCommonClasses (54ms)
	RebuildNativeTypeToScriptingClass (18ms)
	initialDomainReloadingComplete (24ms)
	LoadAllAssembliesAndSetupDomain (400ms)
		LoadAssemblies (290ms)
		RebuildTransferFunctionScriptingTraits (0ms)
		AnalyzeDomain (180ms)
			TypeCache.Refresh (7ms)
				TypeCache.ScanAssembly (0ms)
			BuildScriptInfoCaches (163ms)
			ResolveRequiredComponents (7ms)
	FinalizeReload (710ms)
		ReleaseScriptCaches (0ms)
		RebuildScriptCaches (0ms)
		SetupLoadedEditorAssemblies (553ms)
			LogAssemblyErrors (0ms)
			InitializePlatformSupportModulesInManaged (4ms)
			SetLoadedEditorAssemblies (5ms)
			BeforeProcessingInitializeOnLoad (112ms)
			ProcessInitializeOnLoadAttributes (398ms)
			ProcessInitializeOnLoadMethodAttributes (32ms)
			AfterProcessingInitializeOnLoad (1ms)
			EditorAssembliesLoaded (0ms)
		ExecutionOrderSort2 (0ms)
		AwakeInstancesAfterBackupRestoration (5ms)
Refreshing native plugins compatible for Editor in 0.43 ms, found 2 plugins.
Preloading 0 native plugins for Editor in 0.00 ms.
Unloading 0 Unused Serialized files (Serialized files now loaded: 0)
Unloading 3301 unused Assets / (1.0 MB). Loaded Objects now: 3834.
Memory consumption went from 90.3 MB to 89.3 MB.
Total: 6.500805 ms (FindLiveObjects: 0.414232 ms CreateObjectMapping: 0.354426 ms MarkObjects: 4.819881 ms  DeleteObjects: 0.911329 ms)

Prepare: number of updated asset objects reloaded= 0
========================================================================
Received Prepare
Begin MonoManager ReloadAssembly
- Loaded All Assemblies, in  0.681 seconds
Refreshing native plugins compatible for Editor in 0.48 ms, found 2 plugins.
Native extension for OSXStandalone target not found
Mono: successfully reloaded assembly
- Finished resetting the current domain, in  0.698 seconds
Domain Reload Profiling: 1382ms
	BeginReloadAssembly (183ms)
		ExecutionOrderSort (0ms)
		DisableScriptedObjects (8ms)
		BackupInstance (0ms)
		ReleaseScriptingObjects (0ms)
		CreateAndSetChildDomain (63ms)
	RebuildCommonClasses (56ms)
	RebuildNativeTypeToScriptingClass (18ms)
	initialDomainReloadingComplete (26ms)
	LoadAllAssembliesAndSetupDomain (400ms)
		LoadAssemblies (293ms)
		RebuildTransferFunctionScriptingTraits (0ms)
		AnalyzeDomain (181ms)
			TypeCache.Refresh (7ms)
				TypeCache.ScanAssembly (0ms)
			BuildScriptInfoCaches (163ms)
			ResolveRequiredComponents (6ms)
	FinalizeReload (699ms)
		ReleaseScriptCaches (0ms)
		RebuildScriptCaches (0ms)
		SetupLoadedEditorAssemblies (544ms)
			LogAssemblyErrors (0ms)
			InitializePlatformSupportModulesInManaged (4ms)
			SetLoadedEditorAssemblies (5ms)
			BeforeProcessingInitializeOnLoad (105ms)
			ProcessInitializeOnLoadAttributes (394ms)
			ProcessInitializeOnLoadMethodAttributes (36ms)
			AfterProcessingInitializeOnLoad (1ms)
			EditorAssembliesLoaded (0ms)
		ExecutionOrderSort2 (0ms)
		AwakeInstancesAfterBackupRestoration (5ms)
Refreshing native plugins compatible for Editor in 0.45 ms, found 2 plugins.
Preloading 0 native plugins for Editor in 0.00 ms.
Unloading 0 Unused Serialized files (Serialized files now loaded: 0)
Unloading 3301 unused Assets / (0.9 MB). Loaded Objects now: 3834.
Memory consumption went from 91.4 MB to 90.4 MB.
Total: 6.489943 ms (FindLiveObjects: 0.382861 ms CreateObjectMapping: 0.379270 ms MarkObjects: 4.839564 ms  DeleteObjects: 0.887350 ms)

Prepare: number of updated asset objects reloaded= 0
========================================================================
Received Prepare
Begin MonoManager ReloadAssembly
- Loaded All Assemblies, in  0.640 seconds
Refreshing native plugins compatible for Editor in 0.37 ms, found 2 plugins.
Native extension for OSXStandalone target not found
Mono: successfully reloaded assembly
- Finished resetting the current domain, in  0.711 seconds
Domain Reload Profiling: 1352ms
	BeginReloadAssembly (178ms)
		ExecutionOrderSort (0ms)
		DisableScriptedObjects (7ms)
		BackupInstance (0ms)
		ReleaseScriptingObjects (0ms)
		CreateAndSetChildDomain (62ms)
	RebuildCommonClasses (52ms)
	RebuildNativeTypeToScriptingClass (15ms)
	initialDomainReloadingComplete (23ms)
	LoadAllAssembliesAndSetupDomain (372ms)
		LoadAssemblies (277ms)
		RebuildTransferFunctionScriptingTraits (0ms)
		AnalyzeDomain (166ms)
			TypeCache.Refresh (6ms)
				TypeCache.ScanAssembly (0ms)
			BuildScriptInfoCaches (150ms)
			ResolveRequiredComponents (6ms)
	FinalizeReload (711ms)
		ReleaseScriptCaches (0ms)
		RebuildScriptCaches (0ms)
		SetupLoadedEditorAssemblies (559ms)
			LogAssemblyErrors (0ms)
			InitializePlatformSupportModulesInManaged (4ms)
			SetLoadedEditorAssemblies (6ms)
			BeforeProcessingInitializeOnLoad (97ms)
			ProcessInitializeOnLoadAttributes (414ms)
			ProcessInitializeOnLoadMethodAttributes (37ms)
			AfterProcessingInitializeOnLoad (1ms)
			EditorAssembliesLoaded (0ms)
		ExecutionOrderSort2 (0ms)
		AwakeInstancesAfterBackupRestoration (5ms)
Refreshing native plugins compatible for Editor in 0.50 ms, found 2 plugins.
Preloading 0 native plugins for Editor in 0.00 ms.
Unloading 0 Unused Serialized files (Serialized files now loaded: 0)
Unloading 3301 unused Assets / (0.9 MB). Loaded Objects now: 3834.
Memory consumption went from 92.3 MB to 91.4 MB.
Total: 6.393184 ms (FindLiveObjects: 0.362752 ms CreateObjectMapping: 0.396996 ms MarkObjects: 4.719662 ms  DeleteObjects: 0.913025 ms)

Prepare: number of updated asset objects reloaded= 0
========================================================================
Received Prepare
Begin MonoManager ReloadAssembly
- Loaded All Assemblies, in  0.678 seconds
Refreshing native plugins compatible for Editor in 0.37 ms, found 2 plugins.
Native extension for OSXStandalone target not found
Mono: successfully reloaded assembly
- Finished resetting the current domain, in  0.661 seconds
Domain Reload Profiling: 1341ms
	BeginReloadAssembly (190ms)
		ExecutionOrderSort (0ms)
		DisableScriptedObjects (8ms)
		BackupInstance (0ms)
		ReleaseScriptingObjects (0ms)
		CreateAndSetChildDomain (67ms)
	RebuildCommonClasses (53ms)
	RebuildNativeTypeToScriptingClass (18ms)
	initialDomainReloadingComplete (27ms)
	LoadAllAssembliesAndSetupDomain (391ms)
		LoadAssemblies (287ms)
		RebuildTransferFunctionScriptingTraits (0ms)
		AnalyzeDomain (179ms)
			TypeCache.Refresh (7ms)
				TypeCache.ScanAssembly (0ms)
			BuildScriptInfoCaches (162ms)
			ResolveRequiredComponents (7ms)
	FinalizeReload (662ms)
		ReleaseScriptCaches (0ms)
		RebuildScriptCaches (0ms)
		SetupLoadedEditorAssemblies (513ms)
			LogAssemblyErrors (0ms)
			InitializePlatformSupportModulesInManaged (3ms)
			SetLoadedEditorAssemblies (5ms)
			BeforeProcessingInitializeOnLoad (98ms)
			ProcessInitializeOnLoadAttributes (368ms)
			ProcessInitializeOnLoadMethodAttributes (36ms)
			AfterProcessingInitializeOnLoad (1ms)
			EditorAssembliesLoaded (0ms)
		ExecutionOrderSort2 (0ms)
		AwakeInstancesAfterBackupRestoration (6ms)
Refreshing native plugins compatible for Editor in 0.44 ms, found 2 plugins.
Preloading 0 native plugins for Editor in 0.00 ms.
Unloading 0 Unused Serialized files (Serialized files now loaded: 0)
Unloading 3301 unused Assets / (0.9 MB). Loaded Objects now: 3834.
Memory consumption went from 93.3 MB to 92.4 MB.
Total: 6.366460 ms (FindLiveObjects: 0.320052 ms CreateObjectMapping: 0.396424 ms MarkObjects: 4.818738 ms  DeleteObjects: 0.830366 ms)

Prepare: number of updated asset objects reloaded= 0
========================================================================
Received Prepare
Begin MonoManager ReloadAssembly
- Loaded All Assemblies, in  0.646 seconds
Refreshing native plugins compatible for Editor in 0.39 ms, found 2 plugins.
Native extension for OSXStandalone target not found
Mono: successfully reloaded assembly
- Finished resetting the current domain, in  0.672 seconds
Domain Reload Profiling: 1320ms
	BeginReloadAssembly (178ms)
		ExecutionOrderSort (0ms)
		DisableScriptedObjects (7ms)
		BackupInstance (0ms)
		ReleaseScriptingObjects (0ms)
		CreateAndSetChildDomain (63ms)
	RebuildCommonClasses (50ms)
	RebuildNativeTypeToScriptingClass (16ms)
	initialDomainReloadingComplete (24ms)
	LoadAllAssembliesAndSetupDomain (379ms)
		LoadAssemblies (280ms)
		RebuildTransferFunctionScriptingTraits (0ms)
		AnalyzeDomain (169ms)
			TypeCache.Refresh (6ms)
				TypeCache.ScanAssembly (0ms)
			BuildScriptInfoCaches (151ms)
			ResolveRequiredComponents (7ms)
	FinalizeReload (673ms)
		ReleaseScriptCaches (0ms)
		RebuildScriptCaches (0ms)
		SetupLoadedEditorAssemblies (529ms)
			LogAssemblyErrors (0ms)
			InitializePlatformSupportModulesInManaged (3ms)
			SetLoadedEditorAssemblies (6ms)
			BeforeProcessingInitializeOnLoad (106ms)
			ProcessInitializeOnLoadAttributes (379ms)
			ProcessInitializeOnLoadMethodAttributes (33ms)
			AfterProcessingInitializeOnLoad (1ms)
			EditorAssembliesLoaded (0ms)
		ExecutionOrderSort2 (0ms)
		AwakeInstancesAfterBackupRestoration (5ms)
Refreshing native plugins compatible for Editor in 0.44 ms, found 2 plugins.
Preloading 0 native plugins for Editor in 0.00 ms.
Unloading 0 Unused Serialized files (Serialized files now loaded: 0)
Unloading 3301 unused Assets / (1.0 MB). Loaded Objects now: 3834.
Memory consumption went from 94.3 MB to 93.3 MB.
Total: 6.356254 ms (FindLiveObjects: 0.335099 ms CreateObjectMapping: 0.338656 ms MarkObjects: 4.791315 ms  DeleteObjects: 0.890442 ms)

Prepare: number of updated asset objects reloaded= 0
