Unity Editor version:    6000.0.47f1 (2ad1ed33fd3b)
Branch:                  6000.0/staging
Build type:              Release
Batch mode:              YES
macOS version:           Version 14.5 (Build 23F79)
Darwin version:          23.5.0
Architecture:            x86_64
Running under Rosetta:   NO
Available memory:        65536 MB
Using pre-set license
Pro License: YES

COMMAND LINE ARGUMENTS:
/Applications/Unity/Hub/Editor/6000.0.47f1/Unity.app/Contents/MacOS/Unity
-adb2
-batchMode
-noUpm
-name
AssetImportWorker2
-projectPath
/Users/leoredeker/workspace/unity/car-game
-logFile
Logs/AssetImportWorker2.log
-srvPort
63404
-job-worker-count
7
-background-job-worker-count
8
-gc-helper-count
1
Successfully changed project path to: /Users/leoredeker/workspace/unity/car-game
/Users/leoredeker/workspace/unity/car-game
[UnityMemory] Configuration Parameters - Can be set up in boot.config
    "memorysetup-bucket-allocator-granularity=16"
    "memorysetup-bucket-allocator-bucket-count=8"
    "memorysetup-bucket-allocator-block-size=33554432"
    "memorysetup-bucket-allocator-block-count=8"
    "memorysetup-main-allocator-block-size=16777216"
    "memorysetup-thread-allocator-block-size=16777216"
    "memorysetup-gfx-main-allocator-block-size=16777216"
    "memorysetup-gfx-thread-allocator-block-size=16777216"
    "memorysetup-cache-allocator-block-size=4194304"
    "memorysetup-typetree-allocator-block-size=2097152"
    "memorysetup-profiler-bucket-allocator-granularity=16"
    "memorysetup-profiler-bucket-allocator-bucket-count=8"
    "memorysetup-profiler-bucket-allocator-block-size=33554432"
    "memorysetup-profiler-bucket-allocator-block-count=8"
    "memorysetup-profiler-allocator-block-size=16777216"
    "memorysetup-profiler-editor-allocator-block-size=1048576"
    "memorysetup-temp-allocator-size-main=16777216"
    "memorysetup-job-temp-allocator-block-size=2097152"
    "memorysetup-job-temp-allocator-block-size-background=1048576"
    "memorysetup-job-temp-allocator-reduction-small-platforms=262144"
    "memorysetup-allocator-temp-initial-block-size-main=262144"
    "memorysetup-allocator-temp-initial-block-size-worker=262144"
    "memorysetup-temp-allocator-size-background-worker=32768"
    "memorysetup-temp-allocator-size-job-worker=262144"
    "memorysetup-temp-allocator-size-preload-manager=33554432"
    "memorysetup-temp-allocator-size-nav-mesh-worker=65536"
    "memorysetup-temp-allocator-size-audio-worker=65536"
    "memorysetup-temp-allocator-size-cloud-worker=32768"
    "memorysetup-temp-allocator-size-gi-baking-worker=262144"
    "memorysetup-temp-allocator-size-gi-baking-worker=262144"
    "memorysetup-temp-allocator-size-gi-baking-worker=262144"
    "memorysetup-temp-allocator-size-gi-baking-worker=262144"
    "memorysetup-temp-allocator-size-gi-baking-worker=262144"
    "memorysetup-temp-allocator-size-gfx=262144"
Player connection [140704330301376]  Target information:

Player connection [140704330301376]  * "[IP] 192.168.178.43 [Port] 0 [Flags] 2 [Guid] 1291102945 [EditorId] 1291102945 [Version] 1048832 [Id] OSXEditor(0,Proxima-Centauri.local) [Debug] 1 [PackageName] OSXEditor [ProjectName] Editor" 

Player connection [140704330301376] Host joined multi-casting on [225.0.0.222:54997]...
Player connection [140704330301376] Host joined alternative multi-casting on [225.0.0.222:34997]...
JobSystem: Creating JobQueue using job-worker-count value 7
Input System module state changed to: Initialized.
[Physics::Module] Initialized fallback backend.
[Physics::Module] Id: 0xdecafbad
Library Redirect Path: Library/
[Physics::Module] Selected backend.
[Physics::Module] Name: PhysX
[Physics::Module] Id: 0xf2b8ea05
[Physics::Module] SDK Version: 4.1.2
[Physics::Module] Integration Version: 1.0.0
[Physics::Module] Threading Mode: Multi-Threaded
Refreshing native plugins compatible for Editor in 0.79 ms, found 2 plugins.
Preloading 0 native plugins for Editor in 0.00 ms.
Initialize engine version: 6000.0.47f1 (2ad1ed33fd3b)
[Subsystems] Discovering subsystems at path /Applications/Unity/Hub/Editor/6000.0.47f1/Unity.app/Contents/Resources/UnitySubsystems
[Subsystems] Discovering subsystems at path /Users/leoredeker/workspace/unity/car-game/Assets
GfxDevice: creating device client; kGfxThreadingModeNonThreaded
Color LCD preferred device: AMD Radeon Pro 5500M (high power)
Metal devices available: 2
0: AMD Radeon Pro 5500M (high power)
1: Intel(R) UHD Graphics 630 (low power)
Using device AMD Radeon Pro 5500M (high power)
Initializing Metal device caps: AMD Radeon Pro 5500M
Initialize mono
Mono path[0] = '/Applications/Unity/Hub/Editor/6000.0.47f1/Unity.app/Contents/Managed'
Mono path[1] = '/Applications/Unity/Hub/Editor/6000.0.47f1/Unity.app/Contents/MonoBleedingEdge/lib/mono/unityjit-macos'
Mono config path = '/Applications/Unity/Hub/Editor/6000.0.47f1/Unity.app/Contents/MonoBleedingEdge/etc'
Using monoOptions --debugger-agent=transport=dt_socket,embedding=1,server=y,suspend=n,address=127.0.0.1:56294
Begin MonoManager ReloadAssembly
Registering precompiled unity dll's ...
Register platform support module: /Applications/Unity/Hub/Editor/6000.0.47f1/Unity.app/Contents/PlaybackEngines/MacStandaloneSupport/UnityEditor.OSXStandalone.Extensions.dll
Registered in 0.002429 seconds.
- Loaded All Assemblies, in  0.526 seconds
Native extension for OSXStandalone target not found
Mono: successfully reloaded assembly
- Finished resetting the current domain, in  0.625 seconds
Domain Reload Profiling: 1152ms
	BeginReloadAssembly (128ms)
		ExecutionOrderSort (0ms)
		DisableScriptedObjects (0ms)
		BackupInstance (0ms)
		ReleaseScriptingObjects (0ms)
		CreateAndSetChildDomain (1ms)
	RebuildCommonClasses (65ms)
	RebuildNativeTypeToScriptingClass (21ms)
	initialDomainReloadingComplete (72ms)
	LoadAllAssembliesAndSetupDomain (241ms)
		LoadAssemblies (127ms)
		RebuildTransferFunctionScriptingTraits (0ms)
		AnalyzeDomain (237ms)
			TypeCache.Refresh (234ms)
				TypeCache.ScanAssembly (213ms)
			BuildScriptInfoCaches (0ms)
			ResolveRequiredComponents (1ms)
	FinalizeReload (626ms)
		ReleaseScriptCaches (0ms)
		RebuildScriptCaches (0ms)
		SetupLoadedEditorAssemblies (568ms)
			LogAssemblyErrors (0ms)
			InitializePlatformSupportModulesInManaged (58ms)
			SetLoadedEditorAssemblies (9ms)
			BeforeProcessingInitializeOnLoad (103ms)
			ProcessInitializeOnLoadAttributes (285ms)
			ProcessInitializeOnLoadMethodAttributes (114ms)
			AfterProcessingInitializeOnLoad (0ms)
			EditorAssembliesLoaded (0ms)
		ExecutionOrderSort2 (0ms)
		AwakeInstancesAfterBackupRestoration (0ms)
========================================================================
Worker process is ready to serve import requests
Import Worker Mode flag is 0x00
Begin MonoManager ReloadAssembly
- Loaded All Assemblies, in  0.855 seconds
Refreshing native plugins compatible for Editor in 0.39 ms, found 2 plugins.
Native extension for OSXStandalone target not found
Mono: successfully reloaded assembly
- Finished resetting the current domain, in  0.891 seconds
Domain Reload Profiling: 1746ms
	BeginReloadAssembly (213ms)
		ExecutionOrderSort (0ms)
		DisableScriptedObjects (10ms)
		BackupInstance (0ms)
		ReleaseScriptingObjects (0ms)
		CreateAndSetChildDomain (61ms)
	RebuildCommonClasses (60ms)
	RebuildNativeTypeToScriptingClass (20ms)
	initialDomainReloadingComplete (52ms)
	LoadAllAssembliesAndSetupDomain (509ms)
		LoadAssemblies (326ms)
		RebuildTransferFunctionScriptingTraits (0ms)
		AnalyzeDomain (274ms)
			TypeCache.Refresh (231ms)
				TypeCache.ScanAssembly (213ms)
			BuildScriptInfoCaches (32ms)
			ResolveRequiredComponents (7ms)
	FinalizeReload (891ms)
		ReleaseScriptCaches (0ms)
		RebuildScriptCaches (0ms)
		SetupLoadedEditorAssemblies (729ms)
			LogAssemblyErrors (0ms)
			InitializePlatformSupportModulesInManaged (4ms)
			SetLoadedEditorAssemblies (6ms)
			BeforeProcessingInitializeOnLoad (132ms)
			ProcessInitializeOnLoadAttributes (551ms)
			ProcessInitializeOnLoadMethodAttributes (35ms)
			AfterProcessingInitializeOnLoad (1ms)
			EditorAssembliesLoaded (0ms)
		ExecutionOrderSort2 (0ms)
		AwakeInstancesAfterBackupRestoration (4ms)
Launching external process: /Applications/Unity/Hub/Editor/6000.0.47f1/Unity.app/Contents/Tools/UnityShaderCompiler
Launched and connected shader compiler UnityShaderCompiler after 0.09 seconds
Refreshing native plugins compatible for Editor in 0.48 ms, found 2 plugins.
Preloading 0 native plugins for Editor in 0.00 ms.
Unloading 8 Unused Serialized files (Serialized files now loaded: 0)
Unloading 3305 unused Assets / (1.0 MB). Loaded Objects now: 3791.
Memory consumption went from 83.2 MB to 82.2 MB.
Total: 8.868675 ms (FindLiveObjects: 0.331680 ms CreateObjectMapping: 0.338159 ms MarkObjects: 6.845309 ms  DeleteObjects: 1.352626 ms)

========================================================================
Received Import Request.
  Time since last request: 38591.383872 seconds.
  path: Assets/assets/cars/wheelDefault.fbx
  artifactKey: Guid(78ab07877baed40da9d69cd336e84833) Importer(815301076,1909f56bfc062723c751e8b465ee728b)
Start importing Assets/assets/cars/wheelDefault.fbx using Guid(78ab07877baed40da9d69cd336e84833) Importer(815301076,1909f56bfc062723c751e8b465ee728b) (PreviewImporter) -> (artifact id: 'c7e7240d13ffa9e4a46ff25bfa23ddb6') in 0.204000459 seconds
Number of updated asset objects reloaded before import = 0Number of asset objects unloaded after import = 9

========================================================================
Received Import Request.
  Time since last request: 0.000058 seconds.
  path: Assets/assets/cars/tractorPolice.fbx
  artifactKey: Guid(15d092ab6cd654e889b933ad895fa6df) Importer(815301076,1909f56bfc062723c751e8b465ee728b)
Start importing Assets/assets/cars/tractorPolice.fbx using Guid(15d092ab6cd654e889b933ad895fa6df) Importer(815301076,1909f56bfc062723c751e8b465ee728b) (PreviewImporter) -> (artifact id: '9b2d55fd7ecdd9d162192da7770b7532') in 0.108583431 seconds
Number of updated asset objects reloaded before import = 0Number of asset objects unloaded after import = 47

========================================================================
Received Import Request.
  Time since last request: 0.000056 seconds.
  path: Assets/assets/cars/van.fbx
  artifactKey: Guid(7109a8b37e807494aa9f7340dcb64424) Importer(815301076,1909f56bfc062723c751e8b465ee728b)
Start importing Assets/assets/cars/van.fbx using Guid(7109a8b37e807494aa9f7340dcb64424) Importer(815301076,1909f56bfc062723c751e8b465ee728b) (PreviewImporter) -> (artifact id: '96d44618af41db2560a1dcb622e65532') in 0.09440173 seconds
Number of updated asset objects reloaded before import = 0Number of asset objects unloaded after import = 37

========================================================================
Received Import Request.
  Time since last request: 0.000082 seconds.
  path: Assets/assets/cars/suvLuxury.fbx
  artifactKey: Guid(e1ae6575d19d647eab8ef48f000d744a) Importer(815301076,1909f56bfc062723c751e8b465ee728b)
Start importing Assets/assets/cars/suvLuxury.fbx using Guid(e1ae6575d19d647eab8ef48f000d744a) Importer(815301076,1909f56bfc062723c751e8b465ee728b) (PreviewImporter) -> (artifact id: '1e72a7ebe066f803073a108785f7dd03') in 0.097345934 seconds
Number of updated asset objects reloaded before import = 0Number of asset objects unloaded after import = 37

========================================================================
Received Import Request.
  Time since last request: 0.000052 seconds.
  path: Assets/assets/cars/raceFuture.fbx
  artifactKey: Guid(e16a8a1cd665e4a96bd5c42d02749348) Importer(815301076,1909f56bfc062723c751e8b465ee728b)
Start importing Assets/assets/cars/raceFuture.fbx using Guid(e16a8a1cd665e4a96bd5c42d02749348) Importer(815301076,1909f56bfc062723c751e8b465ee728b) (PreviewImporter) -> (artifact id: '44df6ac6f006ec71210d659521c62ef3') in 0.094202738 seconds
Number of updated asset objects reloaded before import = 0Number of asset objects unloaded after import = 35

========================================================================
Received Import Request.
  Time since last request: 0.000054 seconds.
  path: Assets/assets/cars/ambulance.fbx
  artifactKey: Guid(2985cb0d267ef4878bbf1aaeb141c581) Importer(815301076,1909f56bfc062723c751e8b465ee728b)
Start importing Assets/assets/cars/ambulance.fbx using Guid(2985cb0d267ef4878bbf1aaeb141c581) Importer(815301076,1909f56bfc062723c751e8b465ee728b) (PreviewImporter) -> (artifact id: '430400a849f92d57ead5f439aa859a4f') in 0.117818276 seconds
Number of updated asset objects reloaded before import = 0Number of asset objects unloaded after import = 47

========================================================================
Received Import Request.
  Time since last request: 0.000048 seconds.
  path: Assets/assets/cars/truck.fbx
  artifactKey: Guid(83685dcc32f864e46aed334fbdedfcde) Importer(815301076,1909f56bfc062723c751e8b465ee728b)
Start importing Assets/assets/cars/truck.fbx using Guid(83685dcc32f864e46aed334fbdedfcde) Importer(815301076,1909f56bfc062723c751e8b465ee728b) (PreviewImporter) -> (artifact id: 'a3c65e1b1633195cf16d1dfbebccc239') in 0.118217024 seconds
Number of updated asset objects reloaded before import = 0Number of asset objects unloaded after import = 37

========================================================================
Received Import Request.
  Time since last request: 0.000054 seconds.
  path: Assets/assets/cars/truckFlat.fbx
  artifactKey: Guid(2be5a400419d442a2a8acde21bf3a868) Importer(815301076,1909f56bfc062723c751e8b465ee728b)
Start importing Assets/assets/cars/truckFlat.fbx using Guid(2be5a400419d442a2a8acde21bf3a868) Importer(815301076,1909f56bfc062723c751e8b465ee728b) (PreviewImporter) -> (artifact id: '9ffe1228671158c8dcc0efcbee051536') in 0.105977923 seconds
Number of updated asset objects reloaded before import = 0Number of asset objects unloaded after import = 36

========================================================================
Received Import Request.
  Time since last request: 0.000059 seconds.
  path: Assets/assets/cars/sedanSports.fbx
  artifactKey: Guid(54ef0fc0c74944100bb55ae283ddeb9d) Importer(815301076,1909f56bfc062723c751e8b465ee728b)
Start importing Assets/assets/cars/sedanSports.fbx using Guid(54ef0fc0c74944100bb55ae283ddeb9d) Importer(815301076,1909f56bfc062723c751e8b465ee728b) (PreviewImporter) -> (artifact id: '202af2151821e8f0440e3363d584466d') in 0.111784492 seconds
Number of updated asset objects reloaded before import = 0Number of asset objects unloaded after import = 42

========================================================================
Received Import Request.
  Time since last request: 0.000074 seconds.
  path: Assets/assets/cars/garbageTruck.fbx
  artifactKey: Guid(43d193435ae4041d7a883f72c15308cd) Importer(815301076,1909f56bfc062723c751e8b465ee728b)
Start importing Assets/assets/cars/garbageTruck.fbx using Guid(43d193435ae4041d7a883f72c15308cd) Importer(815301076,1909f56bfc062723c751e8b465ee728b) (PreviewImporter) -> (artifact id: 'fb89f72bdc59184b8ba82b968be2cef3') in 0.121212828 seconds
Number of updated asset objects reloaded before import = 0Number of asset objects unloaded after import = 42

========================================================================
Received Import Request.
  Time since last request: 0.000077 seconds.
  path: Assets/assets/cars/tractor.fbx
  artifactKey: Guid(2f5272ca79b834818bce7778fb4c3d49) Importer(815301076,1909f56bfc062723c751e8b465ee728b)
Start importing Assets/assets/cars/tractor.fbx using Guid(2f5272ca79b834818bce7778fb4c3d49) Importer(815301076,1909f56bfc062723c751e8b465ee728b) (PreviewImporter) -> (artifact id: '7db485b92afa477bfdcecd32c36b64fc') in 0.106544662 seconds
Number of updated asset objects reloaded before import = 0Number of asset objects unloaded after import = 41

Editor requested this worker to shutdown with reason: Scaling down because of idle timeout
AssetImportWorker is now disconnected from the server
Process exiting
